[35m[1mScanning dependencies of target key_car_control_node[0m
[ 50%] [32mBuilding CXX object CMakeFiles/key_car_control_node.dir/src/key_car_control_node.cpp.o[0m
[100%] [32m[1mLinking CXX executable key_car_control_node[0m
[100%] Built target key_car_control_node
-- Install configuration: ""
-- Installing: /home/lang/Desktop/car_ws/install/key_car_control_cpp/lib/key_car_control_cpp/key_car_control_node
-- Set runtime path of "/home/lang/Desktop/car_ws/install/key_car_control_cpp/lib/key_car_control_cpp/key_car_control_node" to ""
-- Up-to-date: /home/lang/Desktop/car_ws/install/key_car_control_cpp/share/key_car_control_cpp//launch
-- Up-to-date: /home/lang/Desktop/car_ws/install/key_car_control_cpp/share/key_car_control_cpp//launch/key_car_control_launch.py
-- Up-to-date: /home/lang/Desktop/car_ws/install/key_car_control_cpp/share/ament_index/resource_index/package_run_dependencies/key_car_control_cpp
-- Up-to-date: /home/lang/Desktop/car_ws/install/key_car_control_cpp/share/ament_index/resource_index/parent_prefix_path/key_car_control_cpp
-- Up-to-date: /home/lang/Desktop/car_ws/install/key_car_control_cpp/share/key_car_control_cpp/environment/ament_prefix_path.sh
-- Up-to-date: /home/lang/Desktop/car_ws/install/key_car_control_cpp/share/key_car_control_cpp/environment/ament_prefix_path.dsv
-- Up-to-date: /home/lang/Desktop/car_ws/install/key_car_control_cpp/share/key_car_control_cpp/environment/path.sh
-- Up-to-date: /home/lang/Desktop/car_ws/install/key_car_control_cpp/share/key_car_control_cpp/environment/path.dsv
-- Up-to-date: /home/lang/Desktop/car_ws/install/key_car_control_cpp/share/key_car_control_cpp/local_setup.bash
-- Up-to-date: /home/lang/Desktop/car_ws/install/key_car_control_cpp/share/key_car_control_cpp/local_setup.sh
-- Up-to-date: /home/lang/Desktop/car_ws/install/key_car_control_cpp/share/key_car_control_cpp/local_setup.zsh
-- Up-to-date: /home/lang/Desktop/car_ws/install/key_car_control_cpp/share/key_car_control_cpp/local_setup.dsv
-- Installing: /home/lang/Desktop/car_ws/install/key_car_control_cpp/share/key_car_control_cpp/package.dsv
-- Up-to-date: /home/lang/Desktop/car_ws/install/key_car_control_cpp/share/ament_index/resource_index/packages/key_car_control_cpp
-- Up-to-date: /home/lang/Desktop/car_ws/install/key_car_control_cpp/share/key_car_control_cpp/cmake/key_car_control_cppConfig.cmake
-- Up-to-date: /home/lang/Desktop/car_ws/install/key_car_control_cpp/share/key_car_control_cpp/cmake/key_car_control_cppConfig-version.cmake
-- Up-to-date: /home/lang/Desktop/car_ws/install/key_car_control_cpp/share/key_car_control_cpp/package.xml
