[0.814s] DEBUG:colcon:Command line arguments: ['/usr/bin/colcon', 'build', '--packages-select', 'key_car_control_cpp']
[0.815s] DEBUG:colcon:Parsed command line arguments: Namespace(allow_overriding=[], ament_cmake_args=None, base_paths=['.'], build_base='build', catkin_cmake_args=None, catkin_skip_building_tests=False, cmake_args=None, cmake_clean_cache=False, cmake_clean_first=False, cmake_force_configure=False, cmake_target=None, cmake_target_skip_unavailable=False, continue_on_error=False, event_handlers=None, executor='parallel', ignore_user_meta=False, install_base='install', log_base=None, log_level=None, main=<bound method BuildVerb.main of <colcon_core.verb.build.BuildVerb object at 0x7fb1788a60>>, merge_install=False, metas=['./colcon.meta'], packages_above=None, packages_above_and_dependencies=None, packages_above_depth=None, packages_end=None, packages_ignore=None, packages_ignore_regex=None, packages_select=['key_car_control_cpp'], packages_select_build_failed=False, packages_select_by_dep=None, packages_select_regex=None, packages_select_test_failures=False, packages_skip=None, packages_skip_build_finished=False, packages_skip_by_dep=None, packages_skip_regex=None, packages_skip_test_passed=False, packages_skip_up_to=None, packages_start=None, packages_up_to=None, packages_up_to_regex=None, parallel_workers=4, paths=None, symlink_install=False, test_result_base=None, verb_extension=<colcon_core.verb.build.BuildVerb object at 0x7fb1788a60>, verb_name='build', verb_parser=<colcon_defaults.argument_parser.defaults.DefaultArgumentsDecorator object at 0x7fb16356d0>)
[1.628s] Level 1:colcon.colcon_core.package_discovery:discover_packages(colcon_meta) check parameters
[1.628s] Level 1:colcon.colcon_core.package_discovery:discover_packages(recursive) check parameters
[1.629s] Level 1:colcon.colcon_core.package_discovery:discover_packages(ignore) check parameters
[1.629s] Level 1:colcon.colcon_core.package_discovery:discover_packages(path) check parameters
[1.629s] Level 1:colcon.colcon_core.package_discovery:discover_packages(colcon_meta) discover
[1.629s] Level 1:colcon.colcon_core.package_discovery:discover_packages(recursive) discover
[1.629s] INFO:colcon.colcon_core.package_discovery:Crawling recursively for packages in '/home/lang/Desktop/car_ws'
[1.630s] Level 1:colcon.colcon_core.package_identification:_identify(.) by extensions ['ignore', 'ignore_ament_install']
[1.630s] Level 1:colcon.colcon_core.package_identification:_identify(.) by extension 'ignore'
[1.630s] Level 1:colcon.colcon_core.package_identification:_identify(.) by extension 'ignore_ament_install'
[1.631s] Level 1:colcon.colcon_core.package_identification:_identify(.) by extensions ['colcon_pkg']
[1.631s] Level 1:colcon.colcon_core.package_identification:_identify(.) by extension 'colcon_pkg'
[1.631s] Level 1:colcon.colcon_core.package_identification:_identify(.) by extensions ['colcon_meta']
[1.631s] Level 1:colcon.colcon_core.package_identification:_identify(.) by extension 'colcon_meta'
[1.631s] Level 1:colcon.colcon_core.package_identification:_identify(.) by extensions ['ros']
[1.631s] Level 1:colcon.colcon_core.package_identification:_identify(.) by extension 'ros'
[1.682s] Level 1:colcon.colcon_core.package_identification:_identify(.) by extensions ['cmake', 'python']
[1.683s] Level 1:colcon.colcon_core.package_identification:_identify(.) by extension 'cmake'
[1.683s] Level 1:colcon.colcon_core.package_identification:_identify(.) by extension 'python'
[1.683s] Level 1:colcon.colcon_core.package_identification:_identify(.) by extensions ['python_setup_py']
[1.684s] Level 1:colcon.colcon_core.package_identification:_identify(.) by extension 'python_setup_py'
[1.684s] Level 1:colcon.colcon_core.package_identification:_identify(build) by extensions ['ignore', 'ignore_ament_install']
[1.684s] Level 1:colcon.colcon_core.package_identification:_identify(build) by extension 'ignore'
[1.685s] Level 1:colcon.colcon_core.package_identification:_identify(build) ignored
[1.685s] Level 1:colcon.colcon_core.package_identification:_identify(install) by extensions ['ignore', 'ignore_ament_install']
[1.686s] Level 1:colcon.colcon_core.package_identification:_identify(install) by extension 'ignore'
[1.686s] Level 1:colcon.colcon_core.package_identification:_identify(install) ignored
[1.686s] Level 1:colcon.colcon_core.package_identification:_identify(log) by extensions ['ignore', 'ignore_ament_install']
[1.686s] Level 1:colcon.colcon_core.package_identification:_identify(log) by extension 'ignore'
[1.687s] Level 1:colcon.colcon_core.package_identification:_identify(log) ignored
[1.687s] Level 1:colcon.colcon_core.package_identification:_identify(src) by extensions ['ignore', 'ignore_ament_install']
[1.687s] Level 1:colcon.colcon_core.package_identification:_identify(src) by extension 'ignore'
[1.687s] Level 1:colcon.colcon_core.package_identification:_identify(src) by extension 'ignore_ament_install'
[1.688s] Level 1:colcon.colcon_core.package_identification:_identify(src) by extensions ['colcon_pkg']
[1.688s] Level 1:colcon.colcon_core.package_identification:_identify(src) by extension 'colcon_pkg'
[1.688s] Level 1:colcon.colcon_core.package_identification:_identify(src) by extensions ['colcon_meta']
[1.688s] Level 1:colcon.colcon_core.package_identification:_identify(src) by extension 'colcon_meta'
[1.688s] Level 1:colcon.colcon_core.package_identification:_identify(src) by extensions ['ros']
[1.689s] Level 1:colcon.colcon_core.package_identification:_identify(src) by extension 'ros'
[1.689s] Level 1:colcon.colcon_core.package_identification:_identify(src) by extensions ['cmake', 'python']
[1.689s] Level 1:colcon.colcon_core.package_identification:_identify(src) by extension 'cmake'
[1.689s] Level 1:colcon.colcon_core.package_identification:_identify(src) by extension 'python'
[1.689s] Level 1:colcon.colcon_core.package_identification:_identify(src) by extensions ['python_setup_py']
[1.690s] Level 1:colcon.colcon_core.package_identification:_identify(src) by extension 'python_setup_py'
[1.690s] Level 1:colcon.colcon_core.package_identification:_identify(src/key_car_control_cpp) by extensions ['ignore', 'ignore_ament_install']
[1.690s] Level 1:colcon.colcon_core.package_identification:_identify(src/key_car_control_cpp) by extension 'ignore'
[1.691s] Level 1:colcon.colcon_core.package_identification:_identify(src/key_car_control_cpp) by extension 'ignore_ament_install'
[1.691s] Level 1:colcon.colcon_core.package_identification:_identify(src/key_car_control_cpp) by extensions ['colcon_pkg']
[1.691s] Level 1:colcon.colcon_core.package_identification:_identify(src/key_car_control_cpp) by extension 'colcon_pkg'
[1.691s] Level 1:colcon.colcon_core.package_identification:_identify(src/key_car_control_cpp) by extensions ['colcon_meta']
[1.691s] Level 1:colcon.colcon_core.package_identification:_identify(src/key_car_control_cpp) by extension 'colcon_meta'
[1.692s] Level 1:colcon.colcon_core.package_identification:_identify(src/key_car_control_cpp) by extensions ['ros']
[1.692s] Level 1:colcon.colcon_core.package_identification:_identify(src/key_car_control_cpp) by extension 'ros'
[1.701s] DEBUG:colcon.colcon_core.package_identification:Package 'src/key_car_control_cpp' with type 'ros.ament_cmake' and name 'key_car_control_cpp'
[1.701s] Level 1:colcon.colcon_core.package_discovery:discover_packages(recursive) using defaults
[1.701s] Level 1:colcon.colcon_core.package_discovery:discover_packages(ignore) discover
[1.701s] Level 1:colcon.colcon_core.package_discovery:discover_packages(ignore) using defaults
[1.702s] Level 1:colcon.colcon_core.package_discovery:discover_packages(path) discover
[1.702s] Level 1:colcon.colcon_core.package_discovery:discover_packages(path) using defaults
[1.764s] Level 1:colcon.colcon_core.package_discovery:discover_packages(prefix_path) check parameters
[1.764s] Level 1:colcon.colcon_core.package_discovery:discover_packages(prefix_path) discover
[1.771s] DEBUG:colcon.colcon_installed_package_information.package_discovery:Found 1 installed packages in /home/lang/Desktop/car_ws/install
[1.778s] DEBUG:colcon.colcon_installed_package_information.package_discovery:Found 257 installed packages in /opt/ros/foxy
[1.786s] Level 1:colcon.colcon_core.package_discovery:discover_packages(prefix_path) using defaults
[2.130s] Level 5:colcon.colcon_core.verb:set package 'key_car_control_cpp' build argument 'cmake_args' from command line to 'None'
[2.130s] Level 5:colcon.colcon_core.verb:set package 'key_car_control_cpp' build argument 'cmake_target' from command line to 'None'
[2.130s] Level 5:colcon.colcon_core.verb:set package 'key_car_control_cpp' build argument 'cmake_target_skip_unavailable' from command line to 'False'
[2.131s] Level 5:colcon.colcon_core.verb:set package 'key_car_control_cpp' build argument 'cmake_clean_cache' from command line to 'False'
[2.131s] Level 5:colcon.colcon_core.verb:set package 'key_car_control_cpp' build argument 'cmake_clean_first' from command line to 'False'
[2.131s] Level 5:colcon.colcon_core.verb:set package 'key_car_control_cpp' build argument 'cmake_force_configure' from command line to 'False'
[2.131s] Level 5:colcon.colcon_core.verb:set package 'key_car_control_cpp' build argument 'ament_cmake_args' from command line to 'None'
[2.131s] Level 5:colcon.colcon_core.verb:set package 'key_car_control_cpp' build argument 'catkin_cmake_args' from command line to 'None'
[2.131s] Level 5:colcon.colcon_core.verb:set package 'key_car_control_cpp' build argument 'catkin_skip_building_tests' from command line to 'False'
[2.131s] DEBUG:colcon.colcon_core.verb:Building package 'key_car_control_cpp' with the following arguments: {'ament_cmake_args': None, 'build_base': '/home/lang/Desktop/car_ws/build/key_car_control_cpp', 'catkin_cmake_args': None, 'catkin_skip_building_tests': False, 'cmake_args': None, 'cmake_clean_cache': False, 'cmake_clean_first': False, 'cmake_force_configure': False, 'cmake_target': None, 'cmake_target_skip_unavailable': False, 'install_base': '/home/lang/Desktop/car_ws/install/key_car_control_cpp', 'merge_install': False, 'path': '/home/lang/Desktop/car_ws/src/key_car_control_cpp', 'symlink_install': False, 'test_result_base': None}
[2.132s] INFO:colcon.colcon_core.executor:Executing jobs using 'parallel' executor
[2.135s] DEBUG:colcon.colcon_parallel_executor.executor.parallel:run_until_complete
[2.136s] INFO:colcon.colcon_ros.task.ament_cmake.build:Building ROS package in '/home/lang/Desktop/car_ws/src/key_car_control_cpp' with build type 'ament_cmake'
[2.137s] INFO:colcon.colcon_cmake.task.cmake.build:Building CMake package in '/home/lang/Desktop/car_ws/src/key_car_control_cpp'
[2.145s] INFO:colcon.colcon_core.plugin_system:Skipping extension 'colcon_core.shell.bat': Not used on non-Windows systems
[2.146s] INFO:colcon.colcon_core.shell:Skip shell extension 'powershell' for command environment: Not usable outside of PowerShell
[2.146s] DEBUG:colcon.colcon_core.shell:Skip shell extension 'dsv' for command environment
[2.180s] DEBUG:colcon.colcon_core.event_handler.log_command:Invoking command in '/home/lang/Desktop/car_ws/build/key_car_control_cpp': CMAKE_PREFIX_PATH=${CMAKE_PREFIX_PATH}:/opt/ros/foxy /usr/bin/cmake --build /home/lang/Desktop/car_ws/build/key_car_control_cpp -- -j4 -l4
[31.599s] DEBUG:colcon.colcon_core.event_handler.log_command:Invoked command in '/home/lang/Desktop/car_ws/build/key_car_control_cpp' returned '0': CMAKE_PREFIX_PATH=${CMAKE_PREFIX_PATH}:/opt/ros/foxy /usr/bin/cmake --build /home/lang/Desktop/car_ws/build/key_car_control_cpp -- -j4 -l4
[31.719s] DEBUG:colcon.colcon_core.event_handler.log_command:Invoking command in '/home/lang/Desktop/car_ws/build/key_car_control_cpp': CMAKE_PREFIX_PATH=${CMAKE_PREFIX_PATH}:/opt/ros/foxy /usr/bin/cmake --install /home/lang/Desktop/car_ws/build/key_car_control_cpp
[31.765s] Level 1:colcon.colcon_core.environment:create_environment_scripts_only(key_car_control_cpp)
[31.767s] DEBUG:colcon.colcon_core.event_handler.log_command:Invoked command in '/home/lang/Desktop/car_ws/build/key_car_control_cpp' returned '0': CMAKE_PREFIX_PATH=${CMAKE_PREFIX_PATH}:/opt/ros/foxy /usr/bin/cmake --install /home/lang/Desktop/car_ws/build/key_car_control_cpp
[31.776s] Level 1:colcon.colcon_core.environment:checking '/home/lang/Desktop/car_ws/install/key_car_control_cpp' for CMake module files
[31.779s] Level 1:colcon.colcon_core.environment:checking '/home/lang/Desktop/car_ws/install/key_car_control_cpp' for CMake config files
[31.780s] Level 1:colcon.colcon_core.shell:create_environment_hook('key_car_control_cpp', 'cmake_prefix_path')
[31.781s] INFO:colcon.colcon_core.shell:Creating environment hook '/home/lang/Desktop/car_ws/install/key_car_control_cpp/share/key_car_control_cpp/hook/cmake_prefix_path.ps1'
[31.783s] INFO:colcon.colcon_core.shell:Creating environment descriptor '/home/lang/Desktop/car_ws/install/key_car_control_cpp/share/key_car_control_cpp/hook/cmake_prefix_path.dsv'
[31.785s] INFO:colcon.colcon_core.shell:Creating environment hook '/home/lang/Desktop/car_ws/install/key_car_control_cpp/share/key_car_control_cpp/hook/cmake_prefix_path.sh'
[31.789s] Level 1:colcon.colcon_core.environment:checking '/home/lang/Desktop/car_ws/install/key_car_control_cpp/lib'
[31.790s] Level 1:colcon.colcon_core.environment:checking '/home/lang/Desktop/car_ws/install/key_car_control_cpp/bin'
[31.790s] Level 1:colcon.colcon_core.environment:checking '/home/lang/Desktop/car_ws/install/key_car_control_cpp/lib/pkgconfig/key_car_control_cpp.pc'
[31.791s] Level 1:colcon.colcon_core.environment:checking '/home/lang/Desktop/car_ws/install/key_car_control_cpp/lib/python3.8/site-packages'
[31.792s] Level 1:colcon.colcon_core.environment:checking '/home/lang/Desktop/car_ws/install/key_car_control_cpp/bin'
[31.793s] INFO:colcon.colcon_core.shell:Creating package script '/home/lang/Desktop/car_ws/install/key_car_control_cpp/share/key_car_control_cpp/package.ps1'
[31.797s] INFO:colcon.colcon_core.shell:Creating package descriptor '/home/lang/Desktop/car_ws/install/key_car_control_cpp/share/key_car_control_cpp/package.dsv'
[31.799s] INFO:colcon.colcon_core.shell:Creating package script '/home/lang/Desktop/car_ws/install/key_car_control_cpp/share/key_car_control_cpp/package.sh'
[31.802s] INFO:colcon.colcon_core.shell:Creating package script '/home/lang/Desktop/car_ws/install/key_car_control_cpp/share/key_car_control_cpp/package.bash'
[31.805s] INFO:colcon.colcon_core.shell:Creating package script '/home/lang/Desktop/car_ws/install/key_car_control_cpp/share/key_car_control_cpp/package.zsh'
[31.807s] Level 1:colcon.colcon_core.environment:create_file_with_runtime_dependencies(/home/lang/Desktop/car_ws/install/key_car_control_cpp/share/colcon-core/packages/key_car_control_cpp)
[31.885s] Level 1:colcon.colcon_core.environment:create_environment_scripts_only(key_car_control_cpp)
[31.887s] Level 1:colcon.colcon_core.environment:checking '/home/lang/Desktop/car_ws/install/key_car_control_cpp' for CMake module files
[31.890s] Level 1:colcon.colcon_core.environment:checking '/home/lang/Desktop/car_ws/install/key_car_control_cpp' for CMake config files
[31.891s] Level 1:colcon.colcon_core.shell:create_environment_hook('key_car_control_cpp', 'cmake_prefix_path')
[31.892s] INFO:colcon.colcon_core.shell:Creating environment hook '/home/lang/Desktop/car_ws/install/key_car_control_cpp/share/key_car_control_cpp/hook/cmake_prefix_path.ps1'
[31.915s] INFO:colcon.colcon_core.shell:Creating environment descriptor '/home/lang/Desktop/car_ws/install/key_car_control_cpp/share/key_car_control_cpp/hook/cmake_prefix_path.dsv'
[31.993s] INFO:colcon.colcon_core.shell:Creating environment hook '/home/lang/Desktop/car_ws/install/key_car_control_cpp/share/key_car_control_cpp/hook/cmake_prefix_path.sh'
[31.995s] Level 1:colcon.colcon_core.environment:checking '/home/lang/Desktop/car_ws/install/key_car_control_cpp/lib'
[31.996s] Level 1:colcon.colcon_core.environment:checking '/home/lang/Desktop/car_ws/install/key_car_control_cpp/bin'
[31.996s] Level 1:colcon.colcon_core.environment:checking '/home/lang/Desktop/car_ws/install/key_car_control_cpp/lib/pkgconfig/key_car_control_cpp.pc'
[31.997s] Level 1:colcon.colcon_core.environment:checking '/home/lang/Desktop/car_ws/install/key_car_control_cpp/lib/python3.8/site-packages'
[31.998s] Level 1:colcon.colcon_core.environment:checking '/home/lang/Desktop/car_ws/install/key_car_control_cpp/bin'
[31.999s] INFO:colcon.colcon_core.shell:Creating package script '/home/lang/Desktop/car_ws/install/key_car_control_cpp/share/key_car_control_cpp/package.ps1'
[32.678s] INFO:colcon.colcon_core.shell:Creating package descriptor '/home/lang/Desktop/car_ws/install/key_car_control_cpp/share/key_car_control_cpp/package.dsv'
[32.681s] INFO:colcon.colcon_core.shell:Creating package script '/home/lang/Desktop/car_ws/install/key_car_control_cpp/share/key_car_control_cpp/package.sh'
[32.684s] INFO:colcon.colcon_core.shell:Creating package script '/home/lang/Desktop/car_ws/install/key_car_control_cpp/share/key_car_control_cpp/package.bash'
[32.686s] INFO:colcon.colcon_core.shell:Creating package script '/home/lang/Desktop/car_ws/install/key_car_control_cpp/share/key_car_control_cpp/package.zsh'
[32.688s] Level 1:colcon.colcon_core.environment:create_file_with_runtime_dependencies(/home/lang/Desktop/car_ws/install/key_car_control_cpp/share/colcon-core/packages/key_car_control_cpp)
[32.689s] DEBUG:colcon.colcon_parallel_executor.executor.parallel:closing loop
[32.691s] DEBUG:colcon.colcon_parallel_executor.executor.parallel:loop closed
[32.692s] DEBUG:colcon.colcon_parallel_executor.executor.parallel:run_until_complete finished with '0'
[32.693s] DEBUG:colcon.colcon_core.event_reactor:joining thread
[32.717s] INFO:colcon.colcon_core.plugin_system:Skipping extension 'colcon_notification.desktop_notification.terminal_notifier': Not used on non-Darwin systems
[32.718s] INFO:colcon.colcon_core.plugin_system:Skipping extension 'colcon_notification.desktop_notification.win32': Not used on non-Windows systems
[32.718s] INFO:colcon.colcon_notification.desktop_notification:Sending desktop notification using 'notify2'
[32.789s] DEBUG:colcon.colcon_core.event_reactor:joined thread
[32.791s] INFO:colcon.colcon_core.shell:Creating prefix script '/home/lang/Desktop/car_ws/install/local_setup.ps1'
[32.796s] INFO:colcon.colcon_core.shell:Creating prefix util module '/home/lang/Desktop/car_ws/install/_local_setup_util_ps1.py'
[32.803s] INFO:colcon.colcon_core.shell:Creating prefix chain script '/home/lang/Desktop/car_ws/install/setup.ps1'
[32.809s] INFO:colcon.colcon_core.shell:Creating prefix script '/home/lang/Desktop/car_ws/install/local_setup.sh'
[32.812s] INFO:colcon.colcon_core.shell:Creating prefix util module '/home/lang/Desktop/car_ws/install/_local_setup_util_sh.py'
[32.815s] INFO:colcon.colcon_core.shell:Creating prefix chain script '/home/lang/Desktop/car_ws/install/setup.sh'
[32.821s] INFO:colcon.colcon_core.shell:Creating prefix script '/home/lang/Desktop/car_ws/install/local_setup.bash'
[32.823s] INFO:colcon.colcon_core.shell:Creating prefix chain script '/home/lang/Desktop/car_ws/install/setup.bash'
[32.832s] INFO:colcon.colcon_core.shell:Creating prefix script '/home/lang/Desktop/car_ws/install/local_setup.zsh'
[32.834s] INFO:colcon.colcon_core.shell:Creating prefix chain script '/home/lang/Desktop/car_ws/install/setup.zsh'
