-- The C compiler identification is GNU 9.4.0
-- The CXX compiler identification is GNU 9.4.0
-- Check for working C compiler: /usr/bin/cc
-- Check for working C compiler: /usr/bin/cc -- works
-- Detecting C compiler ABI info
-- Detecting C compiler ABI info - done
-- Detecting C compile features
-- Detecting C compile features - done
-- Check for working CXX compiler: /usr/bin/c++
-- Check for working CXX compiler: /usr/bin/c++ -- works
-- Detecting CXX compiler ABI info
-- Detecting CXX compiler ABI info - done
-- Detecting CXX compile features
-- Detecting CXX compile features - done
-- Found ament_cmake: 0.9.12 (/opt/ros/foxy/share/ament_cmake/cmake)
-- Found PythonInterp: /usr/bin/python3 (found suitable version "3.8.10", minimum required is "3") 
-- Using PYTHON_EXECUTABLE: /usr/bin/python3
-- Found rclcpp: 2.4.3 (/opt/ros/foxy/share/rclcpp/cmake)
-- Using all available rosidl_typesupport_c: rosidl_typesupport_fastrtps_c;rosidl_typesupport_introspection_c
-- Found rosidl_adapter: 1.3.1 (/opt/ros/foxy/share/rosidl_adapter/cmake)
-- Found OpenSSL: /usr/lib/aarch64-linux-gnu/libcrypto.so (found version "1.1.1f")  
-- Found FastRTPS: /opt/ros/foxy/include  
-- Using all available rosidl_typesupport_cpp: rosidl_typesupport_fastrtps_cpp;rosidl_typesupport_introspection_cpp
-- Found rmw_implementation_cmake: 1.0.4 (/opt/ros/foxy/share/rmw_implementation_cmake/cmake)
-- Using RMW implementation 'rmw_fastrtps_cpp' as default
-- Looking for pthread.h
-- Looking for pthread.h - found
-- Performing Test CMAKE_HAVE_LIBC_PTHREAD
-- Performing Test CMAKE_HAVE_LIBC_PTHREAD - Failed
-- Looking for pthread_create in pthreads
-- Looking for pthread_create in pthreads - not found
-- Looking for pthread_create in pthread
-- Looking for pthread_create in pthread - found
-- Found Threads: TRUE  
-- Configuring done
-- Generating done
-- Build files have been written to: /home/lang/Desktop/car_ws/build/key_car_control_cpp
[35m[1mScanning dependencies of target key_car_control_node[0m
[ 50%] [32mBuilding CXX object CMakeFiles/key_car_control_node.dir/src/key_car_control_node.cpp.o[0m
[100%] [32m[1mLinking CXX executable key_car_control_node[0m
[100%] Built target key_car_control_node
-- Install configuration: ""
-- Installing: /home/lang/Desktop/car_ws/install/key_car_control_cpp/lib/key_car_control_cpp/key_car_control_node
-- Set runtime path of "/home/lang/Desktop/car_ws/install/key_car_control_cpp/lib/key_car_control_cpp/key_car_control_node" to ""
-- Installing: /home/lang/Desktop/car_ws/install/key_car_control_cpp/share/key_car_control_cpp//launch
-- Installing: /home/lang/Desktop/car_ws/install/key_car_control_cpp/share/key_car_control_cpp//launch/key_car_control_launch.py
-- Installing: /home/lang/Desktop/car_ws/install/key_car_control_cpp/share/ament_index/resource_index/package_run_dependencies/key_car_control_cpp
-- Installing: /home/lang/Desktop/car_ws/install/key_car_control_cpp/share/ament_index/resource_index/parent_prefix_path/key_car_control_cpp
-- Installing: /home/lang/Desktop/car_ws/install/key_car_control_cpp/share/key_car_control_cpp/environment/ament_prefix_path.sh
-- Installing: /home/lang/Desktop/car_ws/install/key_car_control_cpp/share/key_car_control_cpp/environment/ament_prefix_path.dsv
-- Installing: /home/lang/Desktop/car_ws/install/key_car_control_cpp/share/key_car_control_cpp/environment/path.sh
-- Installing: /home/lang/Desktop/car_ws/install/key_car_control_cpp/share/key_car_control_cpp/environment/path.dsv
-- Installing: /home/lang/Desktop/car_ws/install/key_car_control_cpp/share/key_car_control_cpp/local_setup.bash
-- Installing: /home/lang/Desktop/car_ws/install/key_car_control_cpp/share/key_car_control_cpp/local_setup.sh
-- Installing: /home/lang/Desktop/car_ws/install/key_car_control_cpp/share/key_car_control_cpp/local_setup.zsh
-- Installing: /home/lang/Desktop/car_ws/install/key_car_control_cpp/share/key_car_control_cpp/local_setup.dsv
-- Installing: /home/lang/Desktop/car_ws/install/key_car_control_cpp/share/key_car_control_cpp/package.dsv
-- Installing: /home/lang/Desktop/car_ws/install/key_car_control_cpp/share/ament_index/resource_index/packages/key_car_control_cpp
-- Installing: /home/lang/Desktop/car_ws/install/key_car_control_cpp/share/key_car_control_cpp/cmake/key_car_control_cppConfig.cmake
-- Installing: /home/lang/Desktop/car_ws/install/key_car_control_cpp/share/key_car_control_cpp/cmake/key_car_control_cppConfig-version.cmake
-- Installing: /home/lang/Desktop/car_ws/install/key_car_control_cpp/share/key_car_control_cpp/package.xml
