[0.802s] DEBUG:colcon:Command line arguments: ['/usr/bin/colcon', 'build', '--packages-select', 'key_car_control_cpp']
[0.802s] DEBUG:colcon:Parsed command line arguments: Namespace(allow_overriding=[], ament_cmake_args=None, base_paths=['.'], build_base='build', catkin_cmake_args=None, catkin_skip_building_tests=False, cmake_args=None, cmake_clean_cache=False, cmake_clean_first=False, cmake_force_configure=False, cmake_target=None, cmake_target_skip_unavailable=False, continue_on_error=False, event_handlers=None, executor='parallel', ignore_user_meta=False, install_base='install', log_base=None, log_level=None, main=<bound method BuildVerb.main of <colcon_core.verb.build.BuildVerb object at 0x7f9b38aa90>>, merge_install=False, metas=['./colcon.meta'], packages_above=None, packages_above_and_dependencies=None, packages_above_depth=None, packages_end=None, packages_ignore=None, packages_ignore_regex=None, packages_select=['key_car_control_cpp'], packages_select_build_failed=False, packages_select_by_dep=None, packages_select_regex=None, packages_select_test_failures=False, packages_skip=None, packages_skip_build_finished=False, packages_skip_by_dep=None, packages_skip_regex=None, packages_skip_test_passed=False, packages_skip_up_to=None, packages_start=None, packages_up_to=None, packages_up_to_regex=None, parallel_workers=4, paths=None, symlink_install=False, test_result_base=None, verb_extension=<colcon_core.verb.build.BuildVerb object at 0x7f9b38aa90>, verb_name='build', verb_parser=<colcon_defaults.argument_parser.defaults.DefaultArgumentsDecorator object at 0x7f9b236700>)
[1.538s] Level 1:colcon.colcon_core.package_discovery:discover_packages(colcon_meta) check parameters
[1.539s] Level 1:colcon.colcon_core.package_discovery:discover_packages(recursive) check parameters
[1.539s] Level 1:colcon.colcon_core.package_discovery:discover_packages(ignore) check parameters
[1.539s] Level 1:colcon.colcon_core.package_discovery:discover_packages(path) check parameters
[1.539s] Level 1:colcon.colcon_core.package_discovery:discover_packages(colcon_meta) discover
[1.539s] Level 1:colcon.colcon_core.package_discovery:discover_packages(recursive) discover
[1.540s] INFO:colcon.colcon_core.package_discovery:Crawling recursively for packages in '/home/lang/Desktop/car_ws'
[1.540s] Level 1:colcon.colcon_core.package_identification:_identify(.) by extensions ['ignore', 'ignore_ament_install']
[1.540s] Level 1:colcon.colcon_core.package_identification:_identify(.) by extension 'ignore'
[1.541s] Level 1:colcon.colcon_core.package_identification:_identify(.) by extension 'ignore_ament_install'
[1.541s] Level 1:colcon.colcon_core.package_identification:_identify(.) by extensions ['colcon_pkg']
[1.541s] Level 1:colcon.colcon_core.package_identification:_identify(.) by extension 'colcon_pkg'
[1.541s] Level 1:colcon.colcon_core.package_identification:_identify(.) by extensions ['colcon_meta']
[1.541s] Level 1:colcon.colcon_core.package_identification:_identify(.) by extension 'colcon_meta'
[1.542s] Level 1:colcon.colcon_core.package_identification:_identify(.) by extensions ['ros']
[1.542s] Level 1:colcon.colcon_core.package_identification:_identify(.) by extension 'ros'
[1.587s] Level 1:colcon.colcon_core.package_identification:_identify(.) by extensions ['cmake', 'python']
[1.588s] Level 1:colcon.colcon_core.package_identification:_identify(.) by extension 'cmake'
[1.588s] Level 1:colcon.colcon_core.package_identification:_identify(.) by extension 'python'
[1.588s] Level 1:colcon.colcon_core.package_identification:_identify(.) by extensions ['python_setup_py']
[1.588s] Level 1:colcon.colcon_core.package_identification:_identify(.) by extension 'python_setup_py'
[1.589s] Level 1:colcon.colcon_core.package_identification:_identify(build) by extensions ['ignore', 'ignore_ament_install']
[1.589s] Level 1:colcon.colcon_core.package_identification:_identify(build) by extension 'ignore'
[1.589s] Level 1:colcon.colcon_core.package_identification:_identify(build) ignored
[1.590s] Level 1:colcon.colcon_core.package_identification:_identify(install) by extensions ['ignore', 'ignore_ament_install']
[1.590s] Level 1:colcon.colcon_core.package_identification:_identify(install) by extension 'ignore'
[1.590s] Level 1:colcon.colcon_core.package_identification:_identify(install) ignored
[1.591s] Level 1:colcon.colcon_core.package_identification:_identify(log) by extensions ['ignore', 'ignore_ament_install']
[1.591s] Level 1:colcon.colcon_core.package_identification:_identify(log) by extension 'ignore'
[1.591s] Level 1:colcon.colcon_core.package_identification:_identify(log) ignored
[1.592s] Level 1:colcon.colcon_core.package_identification:_identify(src) by extensions ['ignore', 'ignore_ament_install']
[1.592s] Level 1:colcon.colcon_core.package_identification:_identify(src) by extension 'ignore'
[1.592s] Level 1:colcon.colcon_core.package_identification:_identify(src) by extension 'ignore_ament_install'
[1.592s] Level 1:colcon.colcon_core.package_identification:_identify(src) by extensions ['colcon_pkg']
[1.593s] Level 1:colcon.colcon_core.package_identification:_identify(src) by extension 'colcon_pkg'
[1.593s] Level 1:colcon.colcon_core.package_identification:_identify(src) by extensions ['colcon_meta']
[1.593s] Level 1:colcon.colcon_core.package_identification:_identify(src) by extension 'colcon_meta'
[1.593s] Level 1:colcon.colcon_core.package_identification:_identify(src) by extensions ['ros']
[1.593s] Level 1:colcon.colcon_core.package_identification:_identify(src) by extension 'ros'
[1.594s] Level 1:colcon.colcon_core.package_identification:_identify(src) by extensions ['cmake', 'python']
[1.594s] Level 1:colcon.colcon_core.package_identification:_identify(src) by extension 'cmake'
[1.594s] Level 1:colcon.colcon_core.package_identification:_identify(src) by extension 'python'
[1.594s] Level 1:colcon.colcon_core.package_identification:_identify(src) by extensions ['python_setup_py']
[1.594s] Level 1:colcon.colcon_core.package_identification:_identify(src) by extension 'python_setup_py'
[1.595s] Level 1:colcon.colcon_core.package_identification:_identify(src/key_car_control_cpp) by extensions ['ignore', 'ignore_ament_install']
[1.595s] Level 1:colcon.colcon_core.package_identification:_identify(src/key_car_control_cpp) by extension 'ignore'
[1.595s] Level 1:colcon.colcon_core.package_identification:_identify(src/key_car_control_cpp) by extension 'ignore_ament_install'
[1.596s] Level 1:colcon.colcon_core.package_identification:_identify(src/key_car_control_cpp) by extensions ['colcon_pkg']
[1.596s] Level 1:colcon.colcon_core.package_identification:_identify(src/key_car_control_cpp) by extension 'colcon_pkg'
[1.596s] Level 1:colcon.colcon_core.package_identification:_identify(src/key_car_control_cpp) by extensions ['colcon_meta']
[1.596s] Level 1:colcon.colcon_core.package_identification:_identify(src/key_car_control_cpp) by extension 'colcon_meta'
[1.596s] Level 1:colcon.colcon_core.package_identification:_identify(src/key_car_control_cpp) by extensions ['ros']
[1.597s] Level 1:colcon.colcon_core.package_identification:_identify(src/key_car_control_cpp) by extension 'ros'
[1.611s] DEBUG:colcon.colcon_core.package_identification:Package 'src/key_car_control_cpp' with type 'ros.ament_cmake' and name 'key_car_control_cpp'
[1.612s] Level 1:colcon.colcon_core.package_discovery:discover_packages(recursive) using defaults
[1.612s] Level 1:colcon.colcon_core.package_discovery:discover_packages(ignore) discover
[1.612s] Level 1:colcon.colcon_core.package_discovery:discover_packages(ignore) using defaults
[1.612s] Level 1:colcon.colcon_core.package_discovery:discover_packages(path) discover
[1.612s] Level 1:colcon.colcon_core.package_discovery:discover_packages(path) using defaults
[1.673s] Level 1:colcon.colcon_core.package_discovery:discover_packages(prefix_path) check parameters
[1.674s] Level 1:colcon.colcon_core.package_discovery:discover_packages(prefix_path) discover
[1.680s] DEBUG:colcon.colcon_installed_package_information.package_discovery:Found 0 installed packages in /home/lang/Desktop/car_ws/install
[1.686s] DEBUG:colcon.colcon_installed_package_information.package_discovery:Found 257 installed packages in /opt/ros/foxy
[1.694s] Level 1:colcon.colcon_core.package_discovery:discover_packages(prefix_path) using defaults
[2.054s] Level 5:colcon.colcon_core.verb:set package 'key_car_control_cpp' build argument 'cmake_args' from command line to 'None'
[2.054s] Level 5:colcon.colcon_core.verb:set package 'key_car_control_cpp' build argument 'cmake_target' from command line to 'None'
[2.054s] Level 5:colcon.colcon_core.verb:set package 'key_car_control_cpp' build argument 'cmake_target_skip_unavailable' from command line to 'False'
[2.054s] Level 5:colcon.colcon_core.verb:set package 'key_car_control_cpp' build argument 'cmake_clean_cache' from command line to 'False'
[2.055s] Level 5:colcon.colcon_core.verb:set package 'key_car_control_cpp' build argument 'cmake_clean_first' from command line to 'False'
[2.055s] Level 5:colcon.colcon_core.verb:set package 'key_car_control_cpp' build argument 'cmake_force_configure' from command line to 'False'
[2.055s] Level 5:colcon.colcon_core.verb:set package 'key_car_control_cpp' build argument 'ament_cmake_args' from command line to 'None'
[2.055s] Level 5:colcon.colcon_core.verb:set package 'key_car_control_cpp' build argument 'catkin_cmake_args' from command line to 'None'
[2.055s] Level 5:colcon.colcon_core.verb:set package 'key_car_control_cpp' build argument 'catkin_skip_building_tests' from command line to 'False'
[2.055s] DEBUG:colcon.colcon_core.verb:Building package 'key_car_control_cpp' with the following arguments: {'ament_cmake_args': None, 'build_base': '/home/lang/Desktop/car_ws/build/key_car_control_cpp', 'catkin_cmake_args': None, 'catkin_skip_building_tests': False, 'cmake_args': None, 'cmake_clean_cache': False, 'cmake_clean_first': False, 'cmake_force_configure': False, 'cmake_target': None, 'cmake_target_skip_unavailable': False, 'install_base': '/home/lang/Desktop/car_ws/install/key_car_control_cpp', 'merge_install': False, 'path': '/home/lang/Desktop/car_ws/src/key_car_control_cpp', 'symlink_install': False, 'test_result_base': None}
[2.056s] INFO:colcon.colcon_core.executor:Executing jobs using 'parallel' executor
[2.059s] DEBUG:colcon.colcon_parallel_executor.executor.parallel:run_until_complete
[2.060s] INFO:colcon.colcon_ros.task.ament_cmake.build:Building ROS package in '/home/lang/Desktop/car_ws/src/key_car_control_cpp' with build type 'ament_cmake'
[2.061s] INFO:colcon.colcon_cmake.task.cmake.build:Building CMake package in '/home/lang/Desktop/car_ws/src/key_car_control_cpp'
[2.069s] INFO:colcon.colcon_core.plugin_system:Skipping extension 'colcon_core.shell.bat': Not used on non-Windows systems
[2.070s] INFO:colcon.colcon_core.shell:Skip shell extension 'powershell' for command environment: Not usable outside of PowerShell
[2.071s] DEBUG:colcon.colcon_core.shell:Skip shell extension 'dsv' for command environment
[2.104s] DEBUG:colcon.colcon_core.event_handler.log_command:Invoking command in '/home/lang/Desktop/car_ws/build/key_car_control_cpp': CMAKE_PREFIX_PATH=/opt/ros/foxy /usr/bin/cmake /home/lang/Desktop/car_ws/src/key_car_control_cpp -DCMAKE_INSTALL_PREFIX=/home/lang/Desktop/car_ws/install/key_car_control_cpp
[44.123s] DEBUG:colcon.colcon_core.event_handler.log_command:Invoked command in '/home/lang/Desktop/car_ws/build/key_car_control_cpp' returned '0': CMAKE_PREFIX_PATH=/opt/ros/foxy /usr/bin/cmake /home/lang/Desktop/car_ws/src/key_car_control_cpp -DCMAKE_INSTALL_PREFIX=/home/lang/Desktop/car_ws/install/key_car_control_cpp
[44.187s] DEBUG:colcon.colcon_core.event_handler.log_command:Invoking command in '/home/lang/Desktop/car_ws/build/key_car_control_cpp': CMAKE_PREFIX_PATH=/opt/ros/foxy /usr/bin/cmake --build /home/lang/Desktop/car_ws/build/key_car_control_cpp -- -j4 -l4
[130.614s] DEBUG:colcon.colcon_core.event_handler.log_command:Invoked command in '/home/lang/Desktop/car_ws/build/key_car_control_cpp' returned '0': CMAKE_PREFIX_PATH=/opt/ros/foxy /usr/bin/cmake --build /home/lang/Desktop/car_ws/build/key_car_control_cpp -- -j4 -l4
[130.734s] DEBUG:colcon.colcon_core.event_handler.log_command:Invoking command in '/home/lang/Desktop/car_ws/build/key_car_control_cpp': CMAKE_PREFIX_PATH=/opt/ros/foxy /usr/bin/cmake --install /home/lang/Desktop/car_ws/build/key_car_control_cpp
[130.785s] Level 1:colcon.colcon_core.environment:create_environment_scripts_only(key_car_control_cpp)
[130.788s] DEBUG:colcon.colcon_core.event_handler.log_command:Invoked command in '/home/lang/Desktop/car_ws/build/key_car_control_cpp' returned '0': CMAKE_PREFIX_PATH=/opt/ros/foxy /usr/bin/cmake --install /home/lang/Desktop/car_ws/build/key_car_control_cpp
[130.798s] Level 1:colcon.colcon_core.environment:checking '/home/lang/Desktop/car_ws/install/key_car_control_cpp' for CMake module files
[130.801s] Level 1:colcon.colcon_core.environment:checking '/home/lang/Desktop/car_ws/install/key_car_control_cpp' for CMake config files
[130.801s] Level 1:colcon.colcon_core.shell:create_environment_hook('key_car_control_cpp', 'cmake_prefix_path')
[130.803s] INFO:colcon.colcon_core.shell:Creating environment hook '/home/lang/Desktop/car_ws/install/key_car_control_cpp/share/key_car_control_cpp/hook/cmake_prefix_path.ps1'
[130.806s] INFO:colcon.colcon_core.shell:Creating environment descriptor '/home/lang/Desktop/car_ws/install/key_car_control_cpp/share/key_car_control_cpp/hook/cmake_prefix_path.dsv'
[130.808s] INFO:colcon.colcon_core.shell:Creating environment hook '/home/lang/Desktop/car_ws/install/key_car_control_cpp/share/key_car_control_cpp/hook/cmake_prefix_path.sh'
[130.812s] Level 1:colcon.colcon_core.environment:checking '/home/lang/Desktop/car_ws/install/key_car_control_cpp/lib'
[130.812s] Level 1:colcon.colcon_core.environment:checking '/home/lang/Desktop/car_ws/install/key_car_control_cpp/bin'
[130.813s] Level 1:colcon.colcon_core.environment:checking '/home/lang/Desktop/car_ws/install/key_car_control_cpp/lib/pkgconfig/key_car_control_cpp.pc'
[130.814s] Level 1:colcon.colcon_core.environment:checking '/home/lang/Desktop/car_ws/install/key_car_control_cpp/lib/python3.8/site-packages'
[130.814s] Level 1:colcon.colcon_core.environment:checking '/home/lang/Desktop/car_ws/install/key_car_control_cpp/bin'
[130.816s] INFO:colcon.colcon_core.shell:Creating package script '/home/lang/Desktop/car_ws/install/key_car_control_cpp/share/key_car_control_cpp/package.ps1'
[130.819s] INFO:colcon.colcon_core.shell:Creating package descriptor '/home/lang/Desktop/car_ws/install/key_car_control_cpp/share/key_car_control_cpp/package.dsv'
[130.821s] INFO:colcon.colcon_core.shell:Creating package script '/home/lang/Desktop/car_ws/install/key_car_control_cpp/share/key_car_control_cpp/package.sh'
[130.824s] INFO:colcon.colcon_core.shell:Creating package script '/home/lang/Desktop/car_ws/install/key_car_control_cpp/share/key_car_control_cpp/package.bash'
[130.828s] INFO:colcon.colcon_core.shell:Creating package script '/home/lang/Desktop/car_ws/install/key_car_control_cpp/share/key_car_control_cpp/package.zsh'
[130.830s] Level 1:colcon.colcon_core.environment:create_file_with_runtime_dependencies(/home/lang/Desktop/car_ws/install/key_car_control_cpp/share/colcon-core/packages/key_car_control_cpp)
[130.912s] Level 1:colcon.colcon_core.environment:create_environment_scripts_only(key_car_control_cpp)
[130.913s] Level 1:colcon.colcon_core.environment:checking '/home/lang/Desktop/car_ws/install/key_car_control_cpp' for CMake module files
[130.916s] Level 1:colcon.colcon_core.environment:checking '/home/lang/Desktop/car_ws/install/key_car_control_cpp' for CMake config files
[130.917s] Level 1:colcon.colcon_core.shell:create_environment_hook('key_car_control_cpp', 'cmake_prefix_path')
[130.918s] INFO:colcon.colcon_core.shell:Creating environment hook '/home/lang/Desktop/car_ws/install/key_car_control_cpp/share/key_car_control_cpp/hook/cmake_prefix_path.ps1'
[130.920s] INFO:colcon.colcon_core.shell:Creating environment descriptor '/home/lang/Desktop/car_ws/install/key_car_control_cpp/share/key_car_control_cpp/hook/cmake_prefix_path.dsv'
[130.921s] INFO:colcon.colcon_core.shell:Creating environment hook '/home/lang/Desktop/car_ws/install/key_car_control_cpp/share/key_car_control_cpp/hook/cmake_prefix_path.sh'
[130.923s] Level 1:colcon.colcon_core.environment:checking '/home/lang/Desktop/car_ws/install/key_car_control_cpp/lib'
[130.924s] Level 1:colcon.colcon_core.environment:checking '/home/lang/Desktop/car_ws/install/key_car_control_cpp/bin'
[130.924s] Level 1:colcon.colcon_core.environment:checking '/home/lang/Desktop/car_ws/install/key_car_control_cpp/lib/pkgconfig/key_car_control_cpp.pc'
[130.925s] Level 1:colcon.colcon_core.environment:checking '/home/lang/Desktop/car_ws/install/key_car_control_cpp/lib/python3.8/site-packages'
[130.926s] Level 1:colcon.colcon_core.environment:checking '/home/lang/Desktop/car_ws/install/key_car_control_cpp/bin'
[130.927s] INFO:colcon.colcon_core.shell:Creating package script '/home/lang/Desktop/car_ws/install/key_car_control_cpp/share/key_car_control_cpp/package.ps1'
[130.930s] INFO:colcon.colcon_core.shell:Creating package descriptor '/home/lang/Desktop/car_ws/install/key_car_control_cpp/share/key_car_control_cpp/package.dsv'
[130.931s] INFO:colcon.colcon_core.shell:Creating package script '/home/lang/Desktop/car_ws/install/key_car_control_cpp/share/key_car_control_cpp/package.sh'
[130.933s] INFO:colcon.colcon_core.shell:Creating package script '/home/lang/Desktop/car_ws/install/key_car_control_cpp/share/key_car_control_cpp/package.bash'
[130.934s] INFO:colcon.colcon_core.shell:Creating package script '/home/lang/Desktop/car_ws/install/key_car_control_cpp/share/key_car_control_cpp/package.zsh'
[130.936s] Level 1:colcon.colcon_core.environment:create_file_with_runtime_dependencies(/home/lang/Desktop/car_ws/install/key_car_control_cpp/share/colcon-core/packages/key_car_control_cpp)
[130.937s] DEBUG:colcon.colcon_parallel_executor.executor.parallel:closing loop
[130.938s] DEBUG:colcon.colcon_parallel_executor.executor.parallel:loop closed
[130.938s] DEBUG:colcon.colcon_parallel_executor.executor.parallel:run_until_complete finished with '0'
[130.939s] DEBUG:colcon.colcon_core.event_reactor:joining thread
[130.960s] INFO:colcon.colcon_core.plugin_system:Skipping extension 'colcon_notification.desktop_notification.terminal_notifier': Not used on non-Darwin systems
[130.960s] INFO:colcon.colcon_core.plugin_system:Skipping extension 'colcon_notification.desktop_notification.win32': Not used on non-Windows systems
[130.960s] INFO:colcon.colcon_notification.desktop_notification:Sending desktop notification using 'notify2'
[131.014s] DEBUG:colcon.colcon_core.event_reactor:joined thread
[131.016s] INFO:colcon.colcon_core.shell:Creating prefix script '/home/lang/Desktop/car_ws/install/local_setup.ps1'
[131.020s] INFO:colcon.colcon_core.shell:Creating prefix util module '/home/lang/Desktop/car_ws/install/_local_setup_util_ps1.py'
[131.026s] INFO:colcon.colcon_core.shell:Creating prefix chain script '/home/lang/Desktop/car_ws/install/setup.ps1'
[131.030s] INFO:colcon.colcon_core.shell:Creating prefix script '/home/lang/Desktop/car_ws/install/local_setup.sh'
[131.033s] INFO:colcon.colcon_core.shell:Creating prefix util module '/home/lang/Desktop/car_ws/install/_local_setup_util_sh.py'
[131.035s] INFO:colcon.colcon_core.shell:Creating prefix chain script '/home/lang/Desktop/car_ws/install/setup.sh'
[131.040s] INFO:colcon.colcon_core.shell:Creating prefix script '/home/lang/Desktop/car_ws/install/local_setup.bash'
[131.042s] INFO:colcon.colcon_core.shell:Creating prefix chain script '/home/lang/Desktop/car_ws/install/setup.bash'
[131.046s] INFO:colcon.colcon_core.shell:Creating prefix script '/home/lang/Desktop/car_ws/install/local_setup.zsh'
[131.048s] INFO:colcon.colcon_core.shell:Creating prefix chain script '/home/lang/Desktop/car_ws/install/setup.zsh'
